<?xml version="1.0" encoding="UTF-8"?>
<!-- Generated by org.testng.reporters.JUnitXMLReporter -->
<testsuite hostname="DESKTOP-QLBDROL" ignored="0" name="OpenCart Tests" tests="1" failures="1" timestamp="2022-04-04T17:40:51 IST" time="9.947" errors="0">
  <testcase name="test_account_Registration" time="2.856" classname="testCases.TC_001_AccountRegistration">
    <failure type="java.lang.AssertionError" message="null">
      <![CDATA[java.lang.AssertionError: null
at testCases.TC_001_AccountRegistration.test_account_Registration(TC_001_AccountRegistration.java:76)
at java.util.ArrayList.forEach(Unknown Source)
... Removed 29 stack frames]]>
    </failure>
  </testcase> <!-- test_account_Registration -->
</testsuite> <!-- OpenCart Tests -->
